62.000
60.000
61.000
63.000
60.000
64.000
63.000
63.000
63.000
63.000
63.000
67.000
68.000
68.000
66.000
66.000
66.000
68.000
68.000
68.000
68.000
68.000
68.000
68.000
68.000
71.000
71.000
71.000
71.000
71.000
71.000
71.000
71.000
71.000
71.000
72.000
72.000
73.000
73.000
73.000
73.000
74.000
73.000
76.000
72.000
72.000
72.000
73.000
75.000
73.000
74.000
73.000
73.000
73.000
73.000
77.000
77.000
77.000
77.000
74.000
74.000
74.000
74.000
73.000
76.000
76.000
75.000
75.000
76.000
76.000
76.000
76.000
76.000
76.000
76.000
76.000
75.000
75.000
75.000
76.000
75.000
75.000
79.000
79.000
79.000
80.000
77.000
77.000
77.000
79.000
79.000
79.000
79.000
79.000
77.000
79.000
79.000
79.000
80.000
80.000
80.000
80.000
79.000
78.000
81.000
81.000
81.000
81.000
81.000
81.000
79.000
79.000
79.000
79.000
79.000
79.000
79.000
79.000
79.000
77.000
79.000
79.000
79.000
79.000
81.000
81.000
81.000
81.000
79.000
79.000
79.000
79.000
78.000
79.000
79.000
78.000
79.000
79.000
79.000
79.000
79.000
79.000
79.000
81.000
79.000
79.000
79.000
77.000
77.000
77.000
79.000
79.000
79.000
79.000
79.000
79.000
79.000
79.000
79.000
79.000
79.000
79.000
79.000
79.000
79.000
79.000
81.000
81.000
81.000
79.000
79.000
81.000
81.000
81.000
81.000
79.000
80.000
81.000
80.000
81.000
81.000
81.000
81.000
81.000
81.000
81.000
81.000
81.000
81.000
81.000
81.000
81.000
81.000
81.000
83.000
83.000
81.000
81.000
80.000
80.000
81.000
81.000
81.000
81.000
81.000
81.000
81.000
81.000
81.000
81.000
81.000
81.000
81.000
81.000
81.000
79.000
81.000
81.000
81.000
81.000
79.000
80.000
80.000
80.000
81.000
81.000
81.000
81.000
81.000
81.000
81.000
81.000
81.000
81.000
81.000
81.000
81.000
81.000
81.000
81.000
81.000
81.000
81.000
81.000
81.000
81.000
81.000
81.000
81.000
81.000
81.000
81.000
81.000
81.000
81.000
81.000
81.000
81.000
81.000
81.000
81.000
81.000
81.000
81.000
81.000
81.000
81.000
81.000
81.000
81.000
81.000
81.000
81.000
81.000
79.000
79.000
81.000
81.000
81.000
81.000
81.000
81.000
81.000
81.000
81.000
81.000
81.000
81.000
81.000
81.000
81.000
81.000
81.000
81.000
81.000
81.000
81.000
81.000
81.000
81.000
81.000
81.000
81.000
81.000
81.000
81.000
81.000
81.000
81.000
81.000
81.000
81.000
81.000
81.000
81.000
81.000
81.000
81.000
81.000
81.000
81.000
81.000
81.000
81.000
81.000
81.000
81.000
81.000
81.000
81.000
81.000
81.000
81.000
81.000
81.000
81.000
81.000
81.000
81.000
81.000
81.000
81.000
81.000
81.000
81.000
81.000
81.000
81.000
81.000
81.000
81.000
81.000
81.000
81.000
81.000
81.000
81.000
81.000
81.000
81.000
81.000
81.000
81.000
81.000
81.000
81.000
81.000
81.000
81.000
81.000
81.000
81.000
81.000
81.000
81.000
81.000
81.000
81.000
81.000
81.000
81.000
81.000
81.000
81.000
81.000
81.000
81.000
81.000
81.000
81.000
81.000
81.000
81.000
81.000
81.000
81.000
81.000
81.000
81.000
81.000
81.000
81.000
81.000
81.000
81.000
81.000
81.000
81.000
81.000
81.000
81.000
81.000
81.000
81.000
81.000
81.000
81.000
81.000
81.000
81.000
81.000
81.000
81.000
81.000
81.000
81.000
81.000
81.000
81.000
81.000
81.000
81.000
81.000
81.000
81.000
81.000
81.000
81.000
81.000
81.000
81.000
81.000
81.000
81.000
81.000
81.000
81.000
81.000
81.000
81.000
81.000
81.000
81.000
81.000
81.000
81.000
81.000
81.000
81.000
81.000
83.000
83.000
83.000
81.000
81.000
81.000
81.000
81.000
81.000
81.000
81.000
81.000
81.000
81.000
81.000
81.000
81.000
81.000
81.000
81.000
81.000
81.000
81.000
81.000
81.000
81.000
81.000
81.000
81.000
81.000
81.000
81.000
81.000
81.000
81.000
81.000
81.000
81.000
81.000
81.000
81.000
81.000
81.000
81.000
81.000
81.000
81.000
81.000
81.000
81.000
81.000
81.000
81.000
81.000
81.000
81.000
81.000
81.000
81.000
81.000
81.000
81.000
81.000
81.000
81.000
81.000
81.000
81.000
81.000
81.000
81.000
81.000
81.000
81.000
81.000
81.000
81.000
81.000
81.000
81.000
81.000
81.000
81.000
81.000
81.000
81.000
81.000
81.000
81.000
81.000
81.000
81.000
81.000
81.000
83.000
81.000
81.000
81.000
81.000
81.000
81.000
81.000
81.000
81.000
81.000
81.000
81.000
81.000
81.000
81.000
81.000
81.000
81.000
81.000
81.000
81.000
81.000
81.000
81.000
81.000
81.000
81.000
81.000
81.000
81.000
81.000
81.000
81.000
81.000
81.000
81.000
81.000
81.000
81.000
81.000
81.000
81.000
81.000
81.000
81.000
81.000
81.000
81.000
81.000
81.000
81.000
81.000
81.000
81.000
81.000
81.000
81.000
81.000
81.000
81.000
81.000
81.000
81.000
81.000
81.000
81.000
81.000
81.000
81.000
81.000
81.000
81.000
81.000
81.000
81.000
81.000
81.000
81.000
81.000
81.000
81.000
81.000
81.000
81.000
81.000
81.000
81.000
81.000
81.000
81.000
81.000
81.000
81.000
81.000
81.000
81.000
81.000
81.000
81.000
81.000
81.000
81.000
81.000
81.000
81.000
81.000
81.000
81.000
81.000
81.000
81.000
81.000
81.000
81.000
81.000
81.000
81.000
81.000
81.000
81.000
81.000
81.000
81.000
81.000
81.000
81.000
81.000
81.000
81.000
81.000
81.000
81.000
81.000
81.000
81.000
81.000
81.000
81.000
81.000
81.000
81.000
81.000
81.000
81.000
81.000
81.000
81.000
81.000
81.000
81.000
81.000
81.000
81.000
81.000
81.000
81.000
81.000
81.000
81.000
81.000
81.000
81.000
81.000
81.000
81.000
81.000
81.000
81.000
81.000
81.000
81.000
81.000
81.000
81.000
81.000
81.000
81.000
81.000
81.000
81.000
81.000
81.000
81.000
81.000
81.000
81.000
81.000
81.000
81.000
81.000
81.000
81.000
81.000
81.000
81.000
81.000
81.000
81.000
81.000
81.000
81.000
81.000
81.000
81.000
81.000
81.000
81.000
81.000
81.000
81.000
81.000
81.000
81.000
81.000
81.000
81.000
81.000
81.000
81.000
81.000
81.000
81.000
81.000
81.000
81.000
81.000
81.000
81.000
83.000
83.000
81.000
81.000
81.000
81.000
81.000
81.000
81.000
81.000
81.000
81.000
81.000
81.000
81.000
81.000
81.000
81.000
81.000
81.000
83.000
81.000
81.000
81.000
81.000
81.000
81.000
81.000
81.000
81.000
81.000
81.000
83.000
83.000
83.000
81.000
81.000
81.000
81.000
81.000
81.000
81.000
81.000
81.000
81.000
81.000
81.000
81.000
81.000
81.000
81.000
81.000
81.000
81.000
81.000
81.000
81.000
81.000
81.000
81.000
81.000
81.000
81.000
81.000
81.000
81.000
81.000
81.000
81.000
81.000
81.000
81.000
81.000
81.000
81.000
81.000
81.000
81.000
81.000
81.000
81.000
81.000
81.000
81.000
81.000
81.000
82.000
81.000
81.000
81.000
81.000
81.000
81.000
81.000
81.000
81.000
81.000
81.000
81.000
81.000
81.000
81.000
81.000
81.000
81.000
81.000
81.000
81.000
81.000
81.000
81.000
81.000
81.000
81.000
81.000
81.000
81.000
81.000
81.000
81.000
81.000
81.000
81.000
81.000
81.000
81.000
81.000
81.000
81.000
81.000
81.000
81.000
81.000
81.000
81.000
81.000
81.000
81.000
81.000
81.000
81.000
81.000
81.000
81.000
81.000
81.000
81.000
81.000
81.000
81.000
81.000
81.000
81.000
81.000
81.000
81.000
81.000
81.000
81.000
81.000
81.000
81.000
79.000
79.000
79.000
81.000
81.000
81.000
81.000
81.000
81.000
81.000
81.000
81.000
81.000
81.000
81.000
81.000
81.000
81.000
81.000
81.000
83.000
81.000
81.000
81.000
81.000
81.000
81.000
81.000
83.000
83.000
83.000
83.000
83.000
83.000
83.000
83.000
83.000
83.000
81.000
81.000
81.000
81.000
81.000
83.000
81.000
83.000
83.000
83.000
83.000
83.000
83.000
83.000
83.000
83.000
83.000
