0.105
0.105
0.103
0.103
0.103
0.103
0.113
0.107
0.108
0.111
0.111
0.107
0.102
0.100
0.100
0.102
0.093
0.099
0.100
0.113
0.111
0.111
0.108
0.109
0.109
0.111
0.110
0.109
0.109
0.099
0.099
0.099
0.100
0.102
0.101
0.106
0.119
0.118
0.113
0.121
0.123
0.123
0.111
0.115
0.115
0.128
0.124
0.114
0.109
0.107
0.113
0.111
0.113
0.105
0.107
0.107
0.108
0.108
0.099
0.100
0.106
0.106
0.109
0.107
0.107
0.107
0.103
0.107
0.116
0.116
0.110
0.114
0.121
0.119
0.124
0.118
0.118
0.107
0.100
0.098
0.099
0.107
0.107
0.110
0.117
0.108
0.104
0.109
0.107
0.107
0.112
0.111
0.120
0.116
0.124
0.123
0.123
0.123
0.127
0.131
0.140
0.134
0.135
0.107
0.110
0.109
0.107
0.109
0.115
0.112
0.114
0.114
0.117
0.108
0.111
0.103
0.102
0.106
0.105
0.106
0.103
0.103
0.104
0.102
0.101
0.101
0.101
0.108
0.104
0.095
0.100
0.100
0.101
0.112
0.111
0.106
0.096
0.099
0.095
0.096
0.100
0.097
0.113
0.098
0.093
0.094
0.094
0.103
0.104
0.099
0.106
0.113
0.117
0.110
0.094
0.092
0.093
0.095
0.102
0.094
0.097
0.110
0.115
0.129
0.128
0.128
0.127
0.128
0.128
0.128
0.116
0.115
0.115
0.106
0.106
0.111
0.108
0.096
0.096
0.096
0.122
0.123
0.099
0.099
0.100
0.100
0.100
0.100
0.100
0.113
0.113
0.116
0.113
0.102
0.099
0.102
0.098
0.100
0.108
0.107
0.115
0.112
0.108
0.103
0.099
0.105
0.104
0.105
0.106
0.111
0.100
0.100
0.098
0.100
0.093
0.091
0.091
0.097
0.097
0.100
0.097
0.097
0.097
0.096
0.095
0.095
0.114
0.121
0.122
0.122
0.117
0.117
0.117
0.124
0.129
0.123
0.134
0.121
0.128
0.106
0.107
0.101
0.103
0.120
0.120
0.105
0.114
0.114
0.107
0.094
0.107
0.109
0.126
0.107
0.101
0.105
0.097
0.098
0.109
0.110
0.114
0.119
0.114
0.116
0.113
0.116
0.118
0.100
0.100
0.091
0.094
0.096
0.091
0.089
0.089
0.090
0.089
0.084
0.084
0.084
0.082
0.082
0.083
0.088
0.088
0.096
0.096
0.096
0.112
0.113
0.118
0.127
0.125
0.121
0.126
0.126
0.119
0.119
0.115
0.117
0.115
0.107
0.107
0.104
0.109
0.099
0.099
0.099
0.101
0.094
0.099
0.094
0.101
0.098
0.102
0.098
0.098
0.099
0.115
0.110
0.111
0.105
0.106
0.100
0.103
0.103
0.104
0.103
0.105
0.110
0.111
0.107
0.106
0.105
0.117
0.105
0.107
0.107
0.105
0.106
0.103
0.094
0.100
0.104
0.114
0.103
0.103
0.107
0.114
0.115
0.111
0.111
0.120
0.116
0.110
0.117
0.121
0.122
0.115
0.116
0.117
0.120
0.115
0.116
0.137
0.136
0.134
0.134
0.110
0.110
0.104
0.101
0.100
0.112
0.126
0.122
0.129
0.117
0.109
0.111
0.111
0.111
0.111
0.102
0.096
0.098
0.111
0.102
0.099
0.103
0.103
0.097
0.098
0.095
0.095
0.114
0.104
0.111
0.109
0.120
0.120
0.098
0.102
0.103
0.101
0.103
0.105
0.107
0.103
0.108
0.116
0.115
0.108
0.099
0.098
0.102
0.093
0.095
0.094
0.091
0.091
0.099
0.108
0.125
0.149
0.148
0.117
0.117
0.109
0.098
0.097
0.107
0.112
0.117
0.115
0.124
0.106
0.100
0.096
0.093
0.095
0.095
0.098
0.098
0.099
0.100
0.100
0.100
0.093
0.111
0.108
0.110
0.101
0.103
0.109
0.107
0.104
0.105
0.103
0.103
0.092
0.095
0.099
0.099
0.096
0.096
0.116
0.123
0.124
0.148
0.139
0.141
0.128
0.130
0.137
0.136
0.131
0.133
0.120
0.115
0.109
0.102
0.105
0.105
0.112
0.116
0.101
0.103
0.103
0.103
0.098
0.101
0.100
0.102
0.100
0.096
0.097
0.096
0.096
0.103
0.097
0.098
0.097
0.097
0.097
0.093
0.100
0.095
0.095
0.094
0.092
0.091
0.094
0.093
0.091
0.092
0.095
0.098
0.107
0.102
0.099
0.100
0.105
0.104
0.099
0.118
0.118
0.112
0.108
0.107
0.103
0.109
0.103
0.096
0.095
0.092
0.102
0.101
0.099
0.112
0.110
0.110
0.101
0.101
0.101
0.098
0.092
0.092
0.092
0.097
0.094
0.093
0.098
0.104
0.112
0.112
0.107
0.107
0.111
0.103
0.111
0.106
0.104
0.105
0.113
0.106
0.103
0.103
0.115
0.121
0.103
0.105
0.103
0.105
0.099
0.103
0.107
0.122
0.136
0.131
0.123
0.110
0.109
0.112
0.107
0.109
0.102
0.108
0.110
0.110
0.115
0.109
0.124
0.120
0.119
0.118
0.118
0.112
0.127
0.123
0.123
0.120
0.121
0.114
0.114
0.114
0.111
0.111
0.109
0.109
0.102
0.104
0.104
0.103
0.103
0.098
0.098
0.097
0.109
0.109
0.109
0.119
0.120
0.116
0.116
0.123
0.124
0.117
0.123
0.128
0.122
0.122
0.123
0.123
0.132
0.133
0.133
0.132
0.132
0.132
0.132
0.132
0.143
0.143
0.143
0.143
0.143
0.143
0.143
0.143
0.148
0.148
0.148
0.148
0.148
0.144
0.144
0.144
0.144
0.144
0.145
0.145
0.145
0.145
0.145
0.145
0.145
0.145
0.152
0.152
0.152
0.152
0.154
0.154
0.154
0.154
0.154
0.154
0.170
0.170
0.170
0.170
0.170
0.170
0.170
0.170
0.170
0.170
0.170
0.170
0.170
0.170
0.170
0.170
0.170
0.170
0.170
0.170
0.170
0.170
0.170
0.170
0.170
0.178
0.178
0.178
0.178
0.178
0.178
0.178
0.178
0.178
0.178
0.178
0.178
0.178
0.178
0.178
0.178
0.178
0.178
0.181
0.181
0.184
0.184
0.184
0.184
0.184
0.184
0.184
0.184
0.184
0.184
0.184
0.184
0.184
0.184
0.184
0.184
0.184
0.184
0.184
0.186
0.186
0.186
0.186
0.186
0.186
0.192
0.192
0.192
0.192
0.192
0.192
0.192
0.192
0.192
0.192
0.192
0.192
0.192
0.192
0.192
0.192
0.192
0.192
0.192
0.192
0.192
0.192
0.192
0.192
0.192
0.192
0.192
0.192
0.192
0.194
0.194
0.194
0.194
0.194
0.194
0.194
0.194
0.194
0.194
0.194
0.194
0.194
0.194
0.194
0.194
0.194
0.194
0.194
0.194
0.194
0.194
0.194
0.194
0.194
0.194
0.194
0.194
0.194
0.194
0.194
0.194
0.194
0.194
0.194
0.194
0.194
0.194
0.194
0.194
0.194
0.194
0.194
0.194
0.194
0.194
0.194
0.194
0.194
0.194
0.194
0.194
0.194
0.194
0.194
0.194
0.194
0.194
0.194
0.194
0.194
0.194
0.194
0.194
0.194
0.194
0.194
0.194
0.194
0.194
0.194
0.194
0.194
0.194
0.194
0.194
0.194
0.194
0.194
0.194
0.194
0.194
0.194
0.194
0.194
0.194
0.194
0.194
0.194
0.194
0.194
0.194
0.194
0.194
0.194
0.194
0.194
0.194
0.194
0.194
0.194
0.194
0.207
0.207
0.207
0.207
0.207
0.207
0.207
0.207
0.207
0.207
0.207
0.207
0.207
0.207
0.207
0.207
0.207
0.207
0.207
0.207
0.207
0.207
0.207
0.207
0.207
0.207
0.207
0.207
0.207
0.207
0.207
0.207
0.207
0.207
0.207
0.207
0.207
0.207
0.207
0.207
0.207
0.207
0.207
0.207
0.207
0.207
0.207
0.207
0.207
0.210
0.210
0.210
0.210
0.210
0.210
0.210
0.210
0.210
0.210
0.210
0.210
0.210
0.210
0.210
0.210
0.210
0.210
0.210
0.210
0.210
0.210
0.210
0.210
0.210
0.210
0.210
0.210
0.210
0.210
0.210
0.210
0.210
0.210
0.210
0.210
0.210
0.210
0.210
0.210
0.210
0.210
0.210
0.210
0.210
0.210
0.210
0.210
0.210
0.210
0.210
0.210
0.210
0.210
0.210
0.210
0.210
0.210
0.210
0.210
0.210
0.210
0.210
0.210
0.210
0.210
0.210
0.210
0.210
0.210
0.210
0.210
